<?xml version="1.0" encoding="UTF-8"?>
<!-- Generated by org.testng.reporters.JUnitXMLReporter -->
<testsuite hostname="DESKTOP-NN1R53N" name="FreeCRMAppTest" tests="4" failures="0" timestamp="30 Apr 2022 10:04:41 GMT" time="49.108" errors="0">
  <testcase name="loginPageTitle" time="0.148" classname="com.crm.qa.test.LoginPageTest"/>
  <testcase name="verifyHomePageTitleTest" time="0.153" classname="com.crm.qa.test.HomePageTest"/>
  <testcase name="verifyUsernameisDisplayed" time="0.107" classname="com.crm.qa.test.HomePageTest"/>
  <testcase name="loginTest" time="13.712" classname="com.crm.qa.test.LoginPageTest"/>
</testsuite> <!-- FreeCRMAppTest -->
