<?xml version="1.0" encoding="UTF-8"?>
<!-- Generated by org.testng.reporters.JUnitXMLReporter -->
<testsuite hostname="DESKTOP-NN1R53N" ignored="0" name="Command line test" tests="4" failures="0" timestamp="2022-04-30T16:12:43 IST" time="151.749" errors="0">
  <testcase name="verifyHomePageTitleTest" time="0.039" classname="com.crm.qa.test.HomePageTest"/>
  <testcase name="verifyUsernameisDisplayed" time="0.241" classname="com.crm.qa.test.HomePageTest"/>
  <testcase name="loginPageTitle" time="0.006" classname="com.crm.qa.test.LoginPageTest"/>
  <testcase name="loginTest" time="25.877" classname="com.crm.qa.test.LoginPageTest"/>
</testsuite> <!-- Command line test -->
