<?xml version="1.0" encoding="UTF-8"?>
<testng-results skipped="0" failed="0" ignored="0" total="4" passed="4">
  <reporter-output>
  </reporter-output>
  <suite name="Command line suite" duration-ms="151749" started-at="2022-04-30T16:10:10 IST" finished-at="2022-04-30T16:12:42 IST">
    <groups>
    </groups>
    <test name="Command line test" duration-ms="151749" started-at="2022-04-30T16:10:10 IST" finished-at="2022-04-30T16:12:42 IST">
      <class name="com.crm.qa.test.LoginPageTest">
        <test-method status="PASS" signature="Setup()[pri:0, instance:com.crm.qa.test.LoginPageTest@3cb1ffe6]" name="Setup" is-config="true" duration-ms="32493" started-at="2022-04-30T16:11:38 IST" finished-at="2022-04-30T16:12:10 IST">
          <reporter-output>
          </reporter-output>
        </test-method> <!-- Setup -->
        <test-method status="PASS" signature="loginPageTitle()[pri:1, instance:com.crm.qa.test.LoginPageTest@3cb1ffe6]" name="loginPageTitle" duration-ms="6" started-at="2022-04-30T16:12:11 IST" finished-at="2022-04-30T16:12:11 IST">
          <reporter-output>
          </reporter-output>
        </test-method> <!-- loginPageTitle -->
        <test-method status="PASS" signature="loginTest()[pri:2, instance:com.crm.qa.test.LoginPageTest@3cb1ffe6]" name="loginTest" duration-ms="25877" started-at="2022-04-30T16:12:11 IST" finished-at="2022-04-30T16:12:36 IST">
          <reporter-output>
          </reporter-output>
        </test-method> <!-- loginTest -->
        <test-method status="PASS" signature="tearDown()[pri:0, instance:com.crm.qa.test.LoginPageTest@3cb1ffe6]" name="tearDown" is-config="true" duration-ms="46" started-at="2022-04-30T16:12:42 IST" finished-at="2022-04-30T16:12:42 IST">
          <reporter-output>
          </reporter-output>
        </test-method> <!-- tearDown -->
      </class> <!-- com.crm.qa.test.LoginPageTest -->
      <class name="com.crm.qa.test.HomePageTest">
        <test-method status="PASS" signature="Setup()[pri:0, instance:com.crm.qa.test.HomePageTest@80503]" name="Setup" is-config="true" duration-ms="87412" started-at="2022-04-30T16:10:10 IST" finished-at="2022-04-30T16:11:38 IST">
          <reporter-output>
          </reporter-output>
        </test-method> <!-- Setup -->
        <test-method status="PASS" signature="verifyHomePageTitleTest()[pri:1, instance:com.crm.qa.test.HomePageTest@80503]" name="verifyHomePageTitleTest" duration-ms="39" started-at="2022-04-30T16:12:10 IST" finished-at="2022-04-30T16:12:10 IST">
          <reporter-output>
          </reporter-output>
        </test-method> <!-- verifyHomePageTitleTest -->
        <test-method status="PASS" signature="verifyUsernameisDisplayed()[pri:2, instance:com.crm.qa.test.HomePageTest@80503]" name="verifyUsernameisDisplayed" duration-ms="241" started-at="2022-04-30T16:12:10 IST" finished-at="2022-04-30T16:12:11 IST">
          <reporter-output>
          </reporter-output>
        </test-method> <!-- verifyUsernameisDisplayed -->
        <test-method status="PASS" signature="tearDown()[pri:0, instance:com.crm.qa.test.HomePageTest@80503]" name="tearDown" is-config="true" duration-ms="5322" started-at="2022-04-30T16:12:36 IST" finished-at="2022-04-30T16:12:42 IST">
          <reporter-output>
          </reporter-output>
        </test-method> <!-- tearDown -->
      </class> <!-- com.crm.qa.test.HomePageTest -->
    </test> <!-- Command line test -->
  </suite> <!-- Command line suite -->
</testng-results>
