<?xml version="1.0" encoding="UTF-8"?>
<testng-results skipped="0" failed="0" total="4" passed="4">
  <reporter-output>
  </reporter-output>
  <suite name="FreeCRMTestSuite" duration-ms="49108" started-at="2022-04-30T10:03:52Z" finished-at="2022-04-30T10:04:41Z">
    <groups>
    </groups>
    <test name="FreeCRMAppTest" duration-ms="49108" started-at="2022-04-30T10:03:52Z" finished-at="2022-04-30T10:04:41Z">
      <class name="com.crm.qa.test.HomePageTest">
        <test-method status="PASS" signature="Setup()[pri:0, instance:com.crm.qa.test.HomePageTest@1936f0f5]" name="Setup" is-config="true" duration-ms="25284" started-at="2022-04-30T15:33:52Z" finished-at="2022-04-30T15:34:17Z">
          <reporter-output>
          </reporter-output>
        </test-method> <!-- Setup -->
        <test-method status="PASS" signature="Setup()[pri:0, instance:com.crm.qa.test.LoginPageTest@6b143ee9]" name="Setup" is-config="true" duration-ms="8341" started-at="2022-04-30T15:34:17Z" finished-at="2022-04-30T15:34:26Z">
          <reporter-output>
          </reporter-output>
        </test-method> <!-- Setup -->
        <test-method status="PASS" signature="verifyHomePageTitleTest()[pri:1, instance:com.crm.qa.test.HomePageTest@1936f0f5]" name="verifyHomePageTitleTest" duration-ms="153" started-at="2022-04-30T15:34:26Z" finished-at="2022-04-30T15:34:26Z">
          <reporter-output>
          </reporter-output>
        </test-method> <!-- verifyHomePageTitleTest -->
        <test-method status="PASS" signature="verifyUsernameisDisplayed()[pri:2, instance:com.crm.qa.test.HomePageTest@1936f0f5]" name="verifyUsernameisDisplayed" duration-ms="107" started-at="2022-04-30T15:34:26Z" finished-at="2022-04-30T15:34:26Z">
          <reporter-output>
          </reporter-output>
        </test-method> <!-- verifyUsernameisDisplayed -->
        <test-method status="PASS" signature="tearDown()[pri:0, instance:com.crm.qa.test.HomePageTest@1936f0f5]" name="tearDown" is-config="true" duration-ms="1488" started-at="2022-04-30T15:34:40Z" finished-at="2022-04-30T15:34:41Z">
          <reporter-output>
          </reporter-output>
        </test-method> <!-- tearDown -->
        <test-method status="PASS" signature="tearDown()[pri:0, instance:com.crm.qa.test.LoginPageTest@6b143ee9]" name="tearDown" is-config="true" duration-ms="7" started-at="2022-04-30T15:34:41Z" finished-at="2022-04-30T15:34:41Z">
          <reporter-output>
          </reporter-output>
        </test-method> <!-- tearDown -->
      </class> <!-- com.crm.qa.test.HomePageTest -->
      <class name="com.crm.qa.test.LoginPageTest">
        <test-method status="PASS" signature="loginPageTitle()[pri:1, instance:com.crm.qa.test.LoginPageTest@6b143ee9]" name="loginPageTitle" duration-ms="148" started-at="2022-04-30T15:34:26Z" finished-at="2022-04-30T15:34:26Z">
          <reporter-output>
          </reporter-output>
        </test-method> <!-- loginPageTitle -->
        <test-method status="PASS" signature="loginTest()[pri:2, instance:com.crm.qa.test.LoginPageTest@6b143ee9]" name="loginTest" duration-ms="13712" started-at="2022-04-30T15:34:26Z" finished-at="2022-04-30T15:34:40Z">
          <reporter-output>
          </reporter-output>
        </test-method> <!-- loginTest -->
      </class> <!-- com.crm.qa.test.LoginPageTest -->
    </test> <!-- FreeCRMAppTest -->
  </suite> <!-- FreeCRMTestSuite -->
</testng-results>
